build/app/intermediates/manifest_merge_blame_file/release/manifest-merger-blame-release-report.txt
1<?xml version="1.0" encoding="utf-8"?>
2<manifest xmlns:android="http://schemas.android.com/apk/res/android"
3    package="com.example.kazpost"
4    android:versionCode="1"
5    android:versionName="1.0.0" >
6
7    <uses-sdk
8        android:minSdkVersion="16"
8-->src/main/AndroidManifest.xml
9        android:targetSdkVersion="28" />
9-->src/main/AndroidManifest.xml
10    <!--
11         io.flutter.app.FlutterApplication is an android.app.Application that
12         calls FlutterMain.startInitialization(this); in its onCreate method.
13         In most cases you can leave this as-is, but you if you want to provide
14         additional functionality it is fine to subclass or reimplement
15         FlutterApplication and put your custom class here.
16    -->
17    <uses-permission android:name="android.permission.RECEIVE_BOOT_COMPLETED" />
17-->src/main/AndroidManifest.xml:9:5-80
17-->src/main/AndroidManifest.xml:9:22-78
18    <uses-permission android:name="android.permission.WAKE_LOCK" />
18-->src/main/AndroidManifest.xml:10:5-67
18-->src/main/AndroidManifest.xml:10:22-65
19    <uses-permission android:name="android.permission.INTERNET" />
19-->src/main/AndroidManifest.xml:11:5-66
19-->src/main/AndroidManifest.xml:11:22-64
20    <uses-permission android:name="android.permission.ACCESS_WIFI_STATE" />
20-->src/main/AndroidManifest.xml:12:5-75
20-->src/main/AndroidManifest.xml:12:22-73
21    <uses-permission android:name="android.permission.ACCESS_NETWORK_STATE" />
21-->src/main/AndroidManifest.xml:13:5-79
21-->src/main/AndroidManifest.xml:13:22-76
22    <uses-permission android:name="android.permission.WRITE_EXTERNAL_STORAGE" />
22-->src/main/AndroidManifest.xml:14:5-81
22-->src/main/AndroidManifest.xml:14:22-78
23    <uses-permission android:name="android.permission.READ_EXTERNAL_STORAGE" />
23-->src/main/AndroidManifest.xml:15:5-80
23-->src/main/AndroidManifest.xml:15:22-77
24    <uses-permission android:name="android.permission.GET_TASKS" />
24-->[tsbackgroundfetch-0.3.3.aar] AndroidManifest.xml:12:5-68
24-->[tsbackgroundfetch-0.3.3.aar] AndroidManifest.xml:12:22-65
25
26    <application
26-->src/main/AndroidManifest.xml:17:5-40:19
27        android:name="io.flutter.app.FlutterApplication"
27-->src/main/AndroidManifest.xml:19:9-57
28        android:appComponentFactory="androidx.core.app.CoreComponentFactory"
28-->[androidx.core:core:1.1.0] AndroidManifest.xml:24:18-86
29        android:icon="@mipmap/ic_launcher"
29-->src/main/AndroidManifest.xml:21:9-43
30        android:label="kazpost" >
30-->src/main/AndroidManifest.xml:20:9-32
31        <activity
31-->src/main/AndroidManifest.xml:23:9-34:20
32            android:name="com.example.kazpost.MainActivity"
32-->src/main/AndroidManifest.xml:24:13-41
33            android:configChanges="orientation|keyboardHidden|keyboard|screenSize|smallestScreenSize|locale|layoutDirection|fontScale|screenLayout|density|uiMode"
33-->src/main/AndroidManifest.xml:27:13-163
34            android:hardwareAccelerated="true"
34-->src/main/AndroidManifest.xml:28:13-47
35            android:launchMode="singleTop"
35-->src/main/AndroidManifest.xml:25:13-43
36            android:theme="@style/LaunchTheme"
36-->src/main/AndroidManifest.xml:26:13-47
37            android:windowSoftInputMode="adjustResize" >
37-->src/main/AndroidManifest.xml:29:13-55
38            <intent-filter>
38-->src/main/AndroidManifest.xml:30:13-33:29
39                <action android:name="android.intent.action.MAIN" />
39-->src/main/AndroidManifest.xml:31:17-68
39-->src/main/AndroidManifest.xml:31:25-66
40
41                <category android:name="android.intent.category.LAUNCHER" />
41-->src/main/AndroidManifest.xml:32:17-76
41-->src/main/AndroidManifest.xml:32:27-74
42            </intent-filter>
43        </activity>
44        <!--
45             Don't delete the meta-data below.
46             This is used by the Flutter tool to generate GeneratedPluginRegistrant.java
47        -->
48        <meta-data
48-->src/main/AndroidManifest.xml:37:9-39:33
49            android:name="flutterEmbedding"
49-->src/main/AndroidManifest.xml:38:13-44
50            android:value="2" />
50-->src/main/AndroidManifest.xml:39:13-30
51        <!-- HeadlessJS For android sdk 21+ uses new JobScheduler API -->
52        <service
52-->[:background_fetch] AndroidManifest.xml:10:9-13:72
53            android:name="com.transistorsoft.flutter.backgroundfetch.HeadlessJobService"
53-->[:background_fetch] AndroidManifest.xml:11:13-89
54            android:exported="true"
54-->[:background_fetch] AndroidManifest.xml:12:13-36
55            android:permission="android.permission.BIND_JOB_SERVICE" /> <!-- HeadlessJS For Android sdk <21 uses old AlarmManager API -->
55-->[:background_fetch] AndroidManifest.xml:13:13-69
56        <receiver android:name="com.transistorsoft.flutter.backgroundfetch.HeadlessBroadcastReceiver" >
56-->[:background_fetch] AndroidManifest.xml:15:9-19:20
56-->[:background_fetch] AndroidManifest.xml:15:19-102
57            <intent-filter>
57-->[:background_fetch] AndroidManifest.xml:16:13-18:29
58                <action android:name="com.example.kazpost.event.BACKGROUND_FETCH" />
58-->[:background_fetch] AndroidManifest.xml:17:17-82
58-->[:background_fetch] AndroidManifest.xml:17:25-79
59            </intent-filter>
60        </receiver>
61        <receiver android:name="com.transistorsoft.tsbackgroundfetch.FetchAlarmReceiver" />
61-->[tsbackgroundfetch-0.3.3.aar] AndroidManifest.xml:15:9-92
61-->[tsbackgroundfetch-0.3.3.aar] AndroidManifest.xml:15:19-89
62
63        <service
63-->[tsbackgroundfetch-0.3.3.aar] AndroidManifest.xml:17:9-20:72
64            android:name="com.transistorsoft.tsbackgroundfetch.FetchJobService"
64-->[tsbackgroundfetch-0.3.3.aar] AndroidManifest.xml:18:13-80
65            android:exported="true"
65-->[tsbackgroundfetch-0.3.3.aar] AndroidManifest.xml:19:13-36
66            android:permission="android.permission.BIND_JOB_SERVICE" />
66-->[tsbackgroundfetch-0.3.3.aar] AndroidManifest.xml:20:13-69
67
68        <receiver android:name="com.transistorsoft.tsbackgroundfetch.BootReceiver" >
68-->[tsbackgroundfetch-0.3.3.aar] AndroidManifest.xml:22:9-27:20
68-->[tsbackgroundfetch-0.3.3.aar] AndroidManifest.xml:22:19-83
69            <intent-filter>
69-->[tsbackgroundfetch-0.3.3.aar] AndroidManifest.xml:23:13-26:29
70                <action android:name="android.intent.action.BOOT_COMPLETED" />
70-->[tsbackgroundfetch-0.3.3.aar] AndroidManifest.xml:24:17-79
70-->[tsbackgroundfetch-0.3.3.aar] AndroidManifest.xml:24:25-76
71                <action android:name="android.intent.action.MY_PACKAGE_REPLACED" />
71-->[tsbackgroundfetch-0.3.3.aar] AndroidManifest.xml:25:17-84
71-->[tsbackgroundfetch-0.3.3.aar] AndroidManifest.xml:25:25-81
72            </intent-filter>
73        </receiver>
74
75        <activity
75-->[:url_launcher] AndroidManifest.xml:8:9-11:74
76            android:name="io.flutter.plugins.urllauncher.WebViewActivity"
76-->[:url_launcher] AndroidManifest.xml:9:13-74
77            android:exported="false"
77-->[:url_launcher] AndroidManifest.xml:10:13-37
78            android:theme="@android:style/Theme.NoTitleBar.Fullscreen" />
78-->[:url_launcher] AndroidManifest.xml:11:13-71
79    </application>
80
81</manifest>